<?xml version="1.0" encoding="UTF-8"?>
<!-- Generated by org.testng.reporters.JUnitReportReporter -->
<testsuite hostname="UÄŸur" failures="0" tests="1" name="CucumberOptions.TestNGtestRunner" time="16.229" errors="0" timestamp="2024-10-09T17:47:50 TRT" skipped="0">
  <testcase classname="CucumberOptions.TestNGtestRunner" name="runScenario" time="16.229"/>
  <system-out/>
</testsuite> <!-- CucumberOptions.TestNGtestRunner -->
